[00:00:30] [Server thread/INFO]: Loading properties
[00:00:30] [Server console handler/ERROR]: Exception handling console input
java.io.IOException: Descripteur non valide
	at java.io.FileInputStream.readBytes(Native Method) ~[?:1.8.0_251]
	at java.io.FileInputStream.read(Unknown Source) ~[?:1.8.0_251]
	at java.io.BufferedInputStream.fill(Unknown Source) ~[?:1.8.0_251]
	at java.io.BufferedInputStream.read(Unknown Source) ~[?:1.8.0_251]
	at org.bukkit.craftbukkit.libs.jline.internal.NonBlockingInputStream.read(NonBlockingInputStream.java:248) ~[serveur.jar:git-Spigot-9de398a-9c887d4]
	at org.bukkit.craftbukkit.libs.jline.internal.InputStreamReader.read(InputStreamReader.java:261) ~[serveur.jar:git-Spigot-9de398a-9c887d4]
	at org.bukkit.craftbukkit.libs.jline.internal.InputStreamReader.read(InputStreamReader.java:198) ~[serveur.jar:git-Spigot-9de398a-9c887d4]
	at org.bukkit.craftbukkit.libs.jline.console.ConsoleReader.readCharacter(ConsoleReader.java:2145) ~[serveur.jar:git-Spigot-9de398a-9c887d4]
	at org.bukkit.craftbukkit.libs.jline.console.ConsoleReader.readLineSimple(ConsoleReader.java:3183) ~[serveur.jar:git-Spigot-9de398a-9c887d4]
	at org.bukkit.craftbukkit.libs.jline.console.ConsoleReader.readLine(ConsoleReader.java:2333) ~[serveur.jar:git-Spigot-9de398a-9c887d4]
	at org.bukkit.craftbukkit.libs.jline.console.ConsoleReader.readLine(ConsoleReader.java:2269) ~[serveur.jar:git-Spigot-9de398a-9c887d4]
	at org.bukkit.craftbukkit.libs.jline.console.ConsoleReader.readLine(ConsoleReader.java:2257) ~[serveur.jar:git-Spigot-9de398a-9c887d4]
	at net.minecraft.server.v1_14_R1.DedicatedServer$2.run(DedicatedServer.java:97) [serveur.jar:git-Spigot-9de398a-9c887d4]
[00:00:30] [Server thread/INFO]: This server is running CraftBukkit version git-Spigot-9de398a-9c887d4 (MC: 1.14.4) (Implementing API version 1.14.4-R0.1-SNAPSHOT)
[00:00:30] [Server thread/INFO]: Debug logging is disabled
[00:00:30] [Server thread/INFO]: Using 4 threads for Netty based IO
[00:00:30] [Server thread/INFO]: Server Ping Player Sample Count: 12
[00:00:30] [Server thread/INFO]: Default game type: SURVIVAL
[00:00:30] [Server thread/INFO]: Generating keypair
[00:00:31] [Server thread/INFO]: Starting Minecraft server on *:25565
[00:00:31] [Server thread/INFO]: Using default channel type
[00:00:31] [Server thread/INFO]: Preparing level "world"
[00:00:32] [Server thread/INFO]: Found new data pack file/bukkit, loading it automatically
[00:00:32] [Server thread/INFO]: Found new data pack vanilla, loading it automatically
[00:00:32] [Server thread/INFO]: Reloading ResourceManager: Default, bukkit
[00:00:32] [Server thread/INFO]: Loaded 6 recipes
[00:00:32] [Server thread/INFO]: -------- World Settings For [world] --------
[00:00:32] [Server thread/INFO]: View Distance: 10
[00:00:32] [Server thread/INFO]: Item Merge Radius: 2.5
[00:00:32] [Server thread/INFO]: Item Despawn Rate: 6000
[00:00:32] [Server thread/INFO]: Allow Zombie Pigmen to spawn from portal blocks: true
[00:00:32] [Server thread/INFO]: Arrow Despawn Rate: 1200
[00:00:32] [Server thread/INFO]: Nerfing mobs spawned from spawners: false
[00:00:32] [Server thread/INFO]: Zombie Aggressive Towards Villager: true
[00:00:32] [Server thread/INFO]: Mob Spawn Range: 6
[00:00:32] [Server thread/INFO]: Experience Merge Radius: 3.0
[00:00:32] [Server thread/INFO]: Hopper Transfer: 8 Hopper Check: 1 Hopper Amount: 1
[00:00:32] [Server thread/INFO]: Max TNT Explosions: 100
[00:00:32] [Server thread/INFO]: Entity Tracking Range: Pl 48 / An 48 / Mo 48 / Mi 32 / Other 64
[00:00:32] [Server thread/INFO]: Tile Max Tick Time: 50ms Entity max Tick Time: 50ms
[00:00:32] [Server thread/INFO]: Cactus Growth Modifier: 100%
[00:00:32] [Server thread/INFO]: Cane Growth Modifier: 100%
[00:00:32] [Server thread/INFO]: Melon Growth Modifier: 100%
[00:00:32] [Server thread/INFO]: Mushroom Growth Modifier: 100%
[00:00:32] [Server thread/INFO]: Pumpkin Growth Modifier: 100%
[00:00:32] [Server thread/INFO]: Sapling Growth Modifier: 100%
[00:00:32] [Server thread/INFO]: Beetroot Growth Modifier: 100%
[00:00:32] [Server thread/INFO]: Carrot Growth Modifier: 100%
[00:00:32] [Server thread/INFO]: Potato Growth Modifier: 100%
[00:00:32] [Server thread/INFO]: Wheat Growth Modifier: 100%
[00:00:32] [Server thread/INFO]: NetherWart Growth Modifier: 100%
[00:00:32] [Server thread/INFO]: Vine Growth Modifier: 100%
[00:00:32] [Server thread/INFO]: Cocoa Growth Modifier: 100%
[00:00:32] [Server thread/INFO]: Bamboo Growth Modifier: 100%
[00:00:32] [Server thread/INFO]: SweetBerry Growth Modifier: 100%
[00:00:32] [Server thread/INFO]: Kelp Growth Modifier: 100%
[00:00:32] [Server thread/INFO]: Entity Activation Range: An 32 / Mo 32 / Ra 48 / Mi 16 / Tiv true
[00:00:32] [Server thread/INFO]: Custom Map Seeds:  Village: 10387312 Desert: 14357617 Igloo: 14357618 Jungle: 14357619 Swamp: 14357620 Monument: 10387313Ocean: 14357621 Shipwreck: 165745295 Slime: 987234911
[00:00:37] [Server thread/INFO]: -------- World Settings For [world_nether] --------
[00:00:37] [Server thread/INFO]: View Distance: 10
[00:00:37] [Server thread/INFO]: Item Merge Radius: 2.5
[00:00:37] [Server thread/INFO]: Item Despawn Rate: 6000
[00:00:37] [Server thread/INFO]: Allow Zombie Pigmen to spawn from portal blocks: true
[00:00:37] [Server thread/INFO]: Arrow Despawn Rate: 1200
[00:00:37] [Server thread/INFO]: Nerfing mobs spawned from spawners: false
[00:00:37] [Server thread/INFO]: Zombie Aggressive Towards Villager: true
[00:00:37] [Server thread/INFO]: Mob Spawn Range: 6
[00:00:37] [Server thread/INFO]: Experience Merge Radius: 3.0
[00:00:37] [Server thread/INFO]: Hopper Transfer: 8 Hopper Check: 1 Hopper Amount: 1
[00:00:37] [Server thread/INFO]: Max TNT Explosions: 100
[00:00:37] [Server thread/INFO]: Entity Tracking Range: Pl 48 / An 48 / Mo 48 / Mi 32 / Other 64
[00:00:37] [Server thread/INFO]: Tile Max Tick Time: 50ms Entity max Tick Time: 50ms
[00:00:37] [Server thread/INFO]: Cactus Growth Modifier: 100%
[00:00:37] [Server thread/INFO]: Cane Growth Modifier: 100%
[00:00:37] [Server thread/INFO]: Melon Growth Modifier: 100%
[00:00:37] [Server thread/INFO]: Mushroom Growth Modifier: 100%
[00:00:37] [Server thread/INFO]: Pumpkin Growth Modifier: 100%
[00:00:37] [Server thread/INFO]: Sapling Growth Modifier: 100%
[00:00:37] [Server thread/INFO]: Beetroot Growth Modifier: 100%
[00:00:37] [Server thread/INFO]: Carrot Growth Modifier: 100%
[00:00:37] [Server thread/INFO]: Potato Growth Modifier: 100%
[00:00:37] [Server thread/INFO]: Wheat Growth Modifier: 100%
[00:00:37] [Server thread/INFO]: NetherWart Growth Modifier: 100%
[00:00:37] [Server thread/INFO]: Vine Growth Modifier: 100%
[00:00:37] [Server thread/INFO]: Cocoa Growth Modifier: 100%
[00:00:37] [Server thread/INFO]: Bamboo Growth Modifier: 100%
[00:00:37] [Server thread/INFO]: SweetBerry Growth Modifier: 100%
[00:00:37] [Server thread/INFO]: Kelp Growth Modifier: 100%
[00:00:37] [Server thread/INFO]: Entity Activation Range: An 32 / Mo 32 / Ra 48 / Mi 16 / Tiv true
[00:00:37] [Server thread/INFO]: Custom Map Seeds:  Village: 10387312 Desert: 14357617 Igloo: 14357618 Jungle: 14357619 Swamp: 14357620 Monument: 10387313Ocean: 14357621 Shipwreck: 165745295 Slime: 987234911
[00:00:37] [Server thread/INFO]: -------- World Settings For [world_the_end] --------
[00:00:37] [Server thread/INFO]: View Distance: 10
[00:00:37] [Server thread/INFO]: Item Merge Radius: 2.5
[00:00:37] [Server thread/INFO]: Item Despawn Rate: 6000
[00:00:37] [Server thread/INFO]: Allow Zombie Pigmen to spawn from portal blocks: true
[00:00:37] [Server thread/INFO]: Arrow Despawn Rate: 1200
[00:00:37] [Server thread/INFO]: Nerfing mobs spawned from spawners: false
[00:00:37] [Server thread/INFO]: Zombie Aggressive Towards Villager: true
[00:00:37] [Server thread/INFO]: Mob Spawn Range: 6
[00:00:37] [Server thread/INFO]: Experience Merge Radius: 3.0
[00:00:37] [Server thread/INFO]: Hopper Transfer: 8 Hopper Check: 1 Hopper Amount: 1
[00:00:37] [Server thread/INFO]: Max TNT Explosions: 100
[00:00:37] [Server thread/INFO]: Entity Tracking Range: Pl 48 / An 48 / Mo 48 / Mi 32 / Other 64
[00:00:37] [Server thread/INFO]: Tile Max Tick Time: 50ms Entity max Tick Time: 50ms
[00:00:37] [Server thread/INFO]: Cactus Growth Modifier: 100%
[00:00:37] [Server thread/INFO]: Cane Growth Modifier: 100%
[00:00:37] [Server thread/INFO]: Melon Growth Modifier: 100%
[00:00:37] [Server thread/INFO]: Mushroom Growth Modifier: 100%
[00:00:37] [Server thread/INFO]: Pumpkin Growth Modifier: 100%
[00:00:37] [Server thread/INFO]: Sapling Growth Modifier: 100%
[00:00:37] [Server thread/INFO]: Beetroot Growth Modifier: 100%
[00:00:37] [Server thread/INFO]: Carrot Growth Modifier: 100%
[00:00:37] [Server thread/INFO]: Potato Growth Modifier: 100%
[00:00:37] [Server thread/INFO]: Wheat Growth Modifier: 100%
[00:00:37] [Server thread/INFO]: NetherWart Growth Modifier: 100%
[00:00:37] [Server thread/INFO]: Vine Growth Modifier: 100%
[00:00:37] [Server thread/INFO]: Cocoa Growth Modifier: 100%
[00:00:37] [Server thread/INFO]: Bamboo Growth Modifier: 100%
[00:00:37] [Server thread/INFO]: SweetBerry Growth Modifier: 100%
[00:00:37] [Server thread/INFO]: Kelp Growth Modifier: 100%
[00:00:37] [Server thread/INFO]: Entity Activation Range: An 32 / Mo 32 / Ra 48 / Mi 16 / Tiv true
[00:00:37] [Server thread/INFO]: Custom Map Seeds:  Village: 10387312 Desert: 14357617 Igloo: 14357618 Jungle: 14357619 Swamp: 14357620 Monument: 10387313Ocean: 14357621 Shipwreck: 165745295 Slime: 987234911
[00:00:37] [Server thread/INFO]: Preparing start region for dimension 'world'/minecraft:overworld
[00:00:37] [Server-Worker-6/INFO]: Preparing spawn area: 0%
[00:00:38] [Server-Worker-6/INFO]: Preparing spawn area: 0%
[00:00:38] [Server-Worker-2/INFO]: Preparing spawn area: 1%
[00:00:39] [Server-Worker-7/INFO]: Preparing spawn area: 5%
[00:00:39] [Server-Worker-1/INFO]: Preparing spawn area: 6%
[00:00:40] [Server-Worker-7/INFO]: Preparing spawn area: 6%
[00:00:40] [Server-Worker-3/INFO]: Preparing spawn area: 10%
[00:00:41] [Server-Worker-2/INFO]: Preparing spawn area: 16%
[00:00:41] [Server-Worker-1/INFO]: Preparing spawn area: 21%
[00:00:42] [Server-Worker-1/INFO]: Preparing spawn area: 24%
[00:00:46] [Server thread/INFO]: Starting minecraft server version 1.14.4
[00:00:46] [Server thread/INFO]: Loading properties
[00:00:46] [Server thread/INFO]: This server is running CraftBukkit version git-Spigot-9de398a-9c887d4 (MC: 1.14.4) (Implementing API version 1.14.4-R0.1-SNAPSHOT)
[00:00:46] [Server thread/INFO]: Debug logging is disabled
[00:00:46] [Server thread/INFO]: Server Ping Player Sample Count: 12
[00:00:46] [Server thread/INFO]: Using 4 threads for Netty based IO
[00:00:46] [Server thread/INFO]: Default game type: SURVIVAL
[00:[00:00:47] [Server-Worker-2/INFO]: Preparing spawn area: 55%
[00:00:47] [Server-Worker-4/INFO]: Preparing spawn area: 55%
[00:00:48] [Server-Worker-6/INFO]: Preparing spawn area: 61%
[00:00:48] [Server-Worker-6/INFO]: Preparing spawn area: 62%
[00:00:49] [Server-Worker-7/INFO]: Preparing spawn area: 68%
[00:00:49] [Server-Worker-5/INFO]: Preparing spawn area: 72%
[00:00:50] [Server-Worker-5/INFO]: Preparing spawn area: 75%
[00:00:50] [Server-Worker-5/INFO]: Preparing spawn area: 77%
[00:00:51] [Server-Worker-1/INFO]: Preparing spawn area: 84%
[00:00:51] [Server-Worker-3/INFO]: Preparing spawn area: 89%
[00:00:52] [Server-Worker-3/INFO]: Preparing spawn area: 96%
[00:00:52] [Server thread/INFO]: Time elapsed: 14721 ms
[00:00:52] [Server thread/INFO]: Preparing start region for dimension 'world_nether'/minecraft:the_nether
[00:00:52] [Server-Worker-5/INFO]: Preparing spawn area: 0%
[00:00:52] [Server-Worker-7/INFO]: Preparing spawn area: 0%
[00:00:53] [Server-Worker-2/INFO]: Preparing spawn area: 6%
[00:00:53] [Server-Worker-7/INFO]: Preparing spawn area: 17%
[00:00:54] [Server-Worker-4/INFO]: Preparing spawn area: 31%
[00:00:54] [Server-Worker-1/INFO]: Preparing spawn area: 45%
[00:00:55] [Server-Worker-3/INFO]: Preparing spawn area: 60%
[00:00:55] [Server-Worker-3/INFO]: Preparing spawn area: 75%
[00:00:56] [Server-Worker-4/INFO]: Preparing spawn area: 89%
[00:00:56] [Server thread/INFO]: Time elapsed: 4393 ms
[00:00:56] [Server thread/INFO]: Preparing start region for dimension 'world_the_end'/minecraft:the_end
[00:00:56] [Server-Worker-2/INFO]: Preparing spawn area: 0%
[00:00:57] [Server-Worker-4/INFO]: Preparing spawn area: 7%
[00:00:57] [Server-Worker-3/INFO]: Preparing spawn area: 55%
[00:00:58] [Server thread/INFO]: Time elapsed: 1291 ms
[00:00:58] [Server thread/INFO]: Done (26.204s)! For help, type "help"
