[03:42:52] [Server thread/INFO]: Starting minecraft server version 1.14.4
[03:42:52] [Server thread/INFO]: Loading properties
[03:42:52] [Server console handler/ERROR]: Exception handling console input
java.io.IOException: Descripteur non valide
	at java.io.FileInputStream.readBytes(Native Method) ~[?:1.8.0_251]
	at java.io.FileInputStream.read(Unknown Source) ~[?:1.8.0_251]
	at java.io.BufferedInputStream.fill(Unknown Source) ~[?:1.8.0_251]
	at java.io.BufferedInputStream.read(Unknown Source) ~[?:1.8.0_251]
	at org.bukkit.craftbukkit.libs.jline.internal.NonBlockingInputStream.read(NonBlockingInputStream.java:248) ~[spigot.jar:git-Spigot-9de398a-9c887d4]
	at org.bukkit.craftbukkit.libs.jline.internal.InputStreamReader.read(InputStreamReader.java:261) ~[spigot.jar:git-Spigot-9de398a-9c887d4]
	at org.bukkit.craftbukkit.libs.jline.internal.InputStreamReader.read(InputStreamReader.java:198) ~[spigot.jar:git-Spigot-9de398a-9c887d4]
	at org.bukkit.craftbukkit.libs.jline.console.ConsoleReader.readCharacter(ConsoleReader.java:2145) ~[spigot.jar:git-Spigot-9de398a-9c887d4]
	at org.bukkit.craftbukkit.libs.jline.console.ConsoleReader.readLineSimple(ConsoleReader.java:3183) ~[spigot.jar:git-Spigot-9de398a-9c887d4]
	at org.bukkit.craftbukkit.libs.jline.console.ConsoleReader.readLine(ConsoleReader.java:2333) ~[spigot.jar:git-Spigot-9de398a-9c887d4]
	at org.bukkit.craftbukkit.libs.jline.console.ConsoleReader.readLine(ConsoleReader.java:2269) ~[spigot.jar:git-Spigot-9de398a-9c887d4]
	at org.bukkit.craftbukkit.libs.jline.console.ConsoleReader.readLine(ConsoleReader.java:2257) ~[spigot.jar:git-Spigot-9de398a-9c887d4]
	at net.minecraft.server.v1_14_R1.DedicatedServer$2.run(DedicatedServer.java:97) [spigot.jar:git-Spigot-9de398a-9c887d4]
[03:42:52] [Server thread/INFO]: This server is running CraftBukkit version git-Spigot-9de398a-9c887d4 (MC: 1.14.4) (Implementing API version 1.14.4-R0.1-SNAPSHOT)
[03:42:52] [Server thread/INFO]: Debug logging is disabled
[03:42:52] [Server thread/INFO]: Server Ping Player Sample Count: 12
[03:42:52] [Server thread/INFO]: Using 4 threads for Netty based IO
[03:42:52] [Server thread/INFO]: Default game type: SURVIVAL
[03:42:52] [Server thread/INFO]: Generating keypair
[03:42:53] [Server thread/INFO]: Starting Minecraft server on *:25565
[03:42:53] [Server thread/INFO]: Using default channel type
[03:42:53] [Server thread/INFO]: Preparing level "world"
[03:42:53] [Server thread/INFO]: Reloading ResourceManager: Default, bukkit
[03:42:54] [Server thread/INFO]: Loaded 6 recipes
[03:42:54] [Server thread/INFO]: -------- World Settings For [world] --------
[03:42:54] [Server thread/INFO]: View Distance: 10
[03:42:54] [Server thread/INFO]: Item Merge Radius: 2.5
[03:42:54] [Server thread/INFO]: Item Despawn Rate: 6000
[03:42:54] [Server thread/INFO]: Arrow Despawn Rate: 1200
[03:42:54] [Server thread/INFO]: Allow Zombie Pigmen to spawn from portal blocks: true
[03:42:54] [Server thread/INFO]: Zombie Aggressive Towards Villager: true
[03:42:54] [Server thread/INFO]: Nerfing mobs spawned from spawners: false
[03:42:54] [Server thread/INFO]: Hopper Transfer: 8 Hopper Check: 1 Hopper Amount: 1
[03:42:54] [Server thread/INFO]: Experience Merge Radius: 3.0
[03:42:54] [Server thread/INFO]: Mob Spawn Range: 6
[03:42:54] [Server thread/INFO]: Cactus Growth Modifier: 100%
[03:42:54] [Server thread/INFO]: Cane Growth Modifier: 100%
[03:42:54] [Server thread/INFO]: Melon Growth Modifier: 100%
[03:42:54] [Server thread/INFO]: Mushroom Growth Modifier: 100%
[03:42:54] [Server thread/INFO]: Pumpkin Growth Modifier: 100%
[03:42:54] [Server thread/INFO]: Sapling Growth Modifier: 100%
[03:42:54] [Server thread/INFO]: Beetroot Growth Modifier: 100%
[03:42:54] [Server thread/INFO]: Carrot Growth Modifier: 100%
[03:42:54] [Server thread/INFO]: Potato Growth Modifier: 100%
[03:42:54] [Server thread/INFO]: Wheat Growth Modifier: 100%
[03:42:54] [Server thread/INFO]: NetherWart Growth Modifier: 100%
[03:42:54] [Server thread/INFO]: Vine Growth Modifier: 100%
[03:42:54] [Server thread/INFO]: Cocoa Growth Modifier: 100%
[03:42:54] [Server thread/INFO]: Bamboo Growth Modifier: 100%
[03:42:54] [Server thread/INFO]: SweetBerry Growth Modifier: 100%
[03:42:54] [Server thread/INFO]: Kelp Growth Modifier: 100%
[03:42:54] [Server thread/INFO]: Max TNT Explosions: 100
[03:42:54] [Server thread/INFO]: Entity Tracking Range: Pl 48 / An 48 / Mo 48 / Mi 32 / Other 64
[03:42:54] [Server thread/INFO]: Entity Activation Range: An 32 / Mo 32 / Ra 48 / Mi 16 / Tiv true
[03:42:54] [Server thread/INFO]: Tile Max Tick Time: 50ms Entity max Tick Time: 50ms
[03:42:54] [Server thread/INFO]: Custom Map Seeds:  Village: 10387312 Desert: 14357617 Igloo: 14357618 Jungle: 14357619 Swamp: 14357620 Monument: 10387313Ocean: 14357621 Shipwreck: 165745295 Slime: 987234911
[03:42:55] [Server thread/INFO]: -------- World Settings For [world_nether] --------
[03:42:55] [Server thread/INFO]: View Distance: 10
[03:42:55] [Server thread/INFO]: Item Merge Radius: 2.5
[03:42:55] [Server thread/INFO]: Item Despawn Rate: 6000
[03:42:55] [Server thread/INFO]: Arrow Despawn Rate: 1200
[03:42:55] [Server thread/INFO]: Allow Zombie Pigmen to spawn from portal blocks: true
[03:42:55] [Server thread/INFO]: Zombie Aggressive Towards Villager: true
[03:42:55] [Server thread/INFO]: Nerfing mobs spawned from spawners: false
[03:42:55] [Server thread/INFO]: Hopper Transfer: 8 Hopper Check: 1 Hopper Amount: 1
[03:42:55] [Server thread/INFO]: Experience Merge Radius: 3.0
[03:42:55] [Server thread/INFO]: Mob Spawn Range: 6
[03:42:55] [Server thread/INFO]: Cactus Growth Modifier: 100%
[03:42:55] [Server thread/INFO]: Cane Growth Modifier: 100%
[03:42:55] [Server thread/INFO]: Melon Growth Modifier: 100%
[03:42:55] [Server thread/INFO]: Mushroom Growth Modifier: 100%
[03:42:55] [Server thread/INFO]: Pumpkin Growth Modifier: 100%
[03:42:55] [Server thread/INFO]: Sapling Growth Modifier: 100%
[03:42:55] [Server thread/INFO]: Beetroot Growth Modifier: 100%
[03:42:55] [Server thread/INFO]: Carrot Growth Modifier: 100%
[03:42:55] [Server thread/INFO]: Potato Growth Modifier: 100%
[03:42:55] [Server thread/INFO]: Wheat Growth Modifier: 100%
[03:42:55] [Server thread/INFO]: NetherWart Growth Modifier: 100%
[03:42:55] [Server thread/INFO]: Vine Growth Modifier: 100%
[03:42:55] [Server thread/INFO]: Cocoa Growth Modifier: 100%
[03:42:55] [Server thread/INFO]: Bamboo Growth Modifier: 100%
[03:42:55] [Server thread/INFO]: SweetBerry Growth Modifier: 100%
[03:42:55] [Server thread/INFO]: Kelp Growth Modifier: 100%
[03:42:55] [Server thread/INFO]: Max TNT Explosions: 100
[03:42:55] [Server thread/INFO]: Entity Tracking Range: Pl 48 / An 48 / Mo 48 / Mi 32 / Other 64
[03:42:55] [Server thread/INFO]: Entity Activation Range: An 32 / Mo 32 / Ra 48 / Mi 16 / Tiv true
[03:42:55] [Server thread/INFO]: Tile Max Tick Time: 50ms Entity max Tick Time: 50ms
[03:42:55] [Server thread/INFO]: Custom Map Seeds:  Village: 10387312 Desert: 14357617 Igloo: 14357618 Jungle: 14357619 Swamp: 14357620 Monument: 10387313Ocean: 14357621 Shipwreck: 165745295 Slime: 987234911
[03:42:55] [Server thread/INFO]: -------- World Settings For [world_the_end] --------
[03:42:55] [Server thread/INFO]: View Distance: 10
[03:42:55] [Server thread/INFO]: Item Merge Radius: 2.5
[03:42:55] [Server thread/INFO]: Item Despawn Rate: 6000
[03:42:55] [Server thread/INFO]: Arrow Despawn Rate: 1200
[03:42:55] [Server thread/INFO]: Allow Zombie Pigmen to spawn from portal blocks: true
[03:42:55] [Server thread/INFO]: Zombie Aggressive Towards Villager: true
[03:42:55] [Server thread/INFO]: Nerfing mobs spawned from spawners: false
[03:42:55] [Server thread/INFO]: Hopper Transfer: 8 Hopper Check: 1 Hopper Amount: 1
[03:42:55] [Server thread/INFO]: Experience Merge Radius: 3.0
[03:42:55] [Server thread/INFO]: Mob Spawn Range: 6
[03:42:55] [Server thread/INFO]: Cactus Growth Modifier: 100%
[03:42:55] [Server thread/INFO]: Cane Growth Modifier: 100%
[03:42:55] [Server thread/INFO]: Melon Growth Modifier: 100%
[03:42:55] [Server thread/INFO]: Mushroom Growth Modifier: 100%
[03:42:55] [Server thread/INFO]: Pumpkin Growth Modifier: 100%
[03:42:55] [Server thread/INFO]: Sapling Growth Modifier: 100%
[03:42:55] [Server thread/INFO]: Beetroot Growth Modifier: 100%
[03:42:55] [Server thread/INFO]: Carrot Growth Modifier: 100%
[03:42:55] [Server thread/INFO]: Potato Growth Modifier: 100%
[03:42:55] [Server thread/INFO]: Wheat Growth Modifier: 100%
[03:42:55] [Server thread/INFO]: NetherWart Growth Modifier: 100%
[03:42:55] [Server thread/INFO]: Vine Growth Modifier: 100%
[03:42:55] [Server thread/INFO]: Cocoa Growth Modifier: 100%
[03:42:55] [Server thread/INFO]: Bamboo Growth Modifier: 100%
[03:42:55] [Server thread/INFO]: SweetBerry Growth Modifier: 100%
[03:42:55] [Server thread/INFO]: Kelp Growth Modifier: 100%
[03:42:55] [Server thread/INFO]: Max TNT Explosions: 100
[03:42:55] [Server thread/INFO]: Entity Tracking Range: Pl 48 / An 48 / Mo 48 / Mi 32 / Other 64
[03:42:55] [Server thread/INFO]: Entity Activation Range: An 32 / Mo 32 / Ra 48 / Mi 16 / Tiv true
[03:42:55] [Server thread/INFO]: Tile Max Tick Time: 50ms Entity max Tick Time: 50ms
[03:42:55] [Server thread/INFO]: Custom Map Seeds:  Village: 10387312 Desert: 14357617 Igloo: 14357618 Jungle: 14357619 Swamp: 14357620 Monument: 10387313Ocean: 14357621 Shipwreck: 165745295 Slime: 987234911
[03:42:55] [Server thread/INFO]: Preparing start region for dimension 'world'/minecraft:overworld
[03:42:56] [Server thread/INFO]: Preparing spawn area: 0%
[03:42:56] [Server thread/INFO]: Preparing spawn area: 0%
[03:42:56] [Server thread/INFO]: Preparing spawn area: 0%
[03:42:58] [Server-Worker-1/INFO]: Preparing spawn area: 0%
[03:42:58] [Server-Worker-4/INFO]: Preparing spawn area: 0%
[03:42:58] [Server-Worker-4/INFO]: Preparing spawn area: 0%
[03:42:59] [Server thread/INFO]: Preparing spawn area: 3%
[03:42:59] [Server thread/INFO]: Time elapsed: 3639 ms
[03:42:59] [Server thread/INFO]: Preparing start region for dimension 'world_nether'/minecraft:the_nether
[03:42:59] [Server thread/INFO]: Preparing spawn area: 0%
[03:42:59] [Server thread/INFO]: Preparing spawn area: 0%
[03:43:00] [Server-Worker-6/INFO]: Preparing spawn area: 83%
[03:43:00] [Server-Worker-1/INFO]: Preparing spawn area: 83%
[03:43:01] [Server-Worker-7/INFO]: Preparing spawn area: 92%
[03:43:01] [Server thread/INFO]: Time elapsed: 2254 ms
[03:43:01] [Server thread/INFO]: Preparing start region for dimension 'world_the_end'/minecraft:the_end
[03:43:01] [Server thread/INFO]: Preparing spawn area: 0%
[03:43:05] [Server thread/INFO]: Starting minecraft server version 1.14.4
[03:43:05] [Server thread/INFO]: Loading properties
[03:43:05] [Server console handler/ERROR]: Exception handling console input
java.io.IOException: Descripteur non valide
	at java.io.FileInputStream.readBytes(Native Method) ~[?:1.8.0_251]
	at java.io.FileInputStream.read(Unknown Source) ~[?:1.8.0_251]
	at java.io.BufferedInputStream.fill(Unknown Source) ~[?:1.8.0_251]
	at java.io.BufferedInputStream.read(Unknown Source) ~[?:1.8.0_251]
	at org.bukkit.craftbukkit.libs.jline.internal.NonBlockingInputStream.read(NonBlockingInputStream.java:248) ~[spigot.jar:git-Spigot-9de398a-9c887d4]
	at org.bukkit.craftbukkit.libs.jline.internal.InputStreamReader.read(InputStreamReader.java:261) ~[spigot.jar:git-Spigot-9de398a-9c887d4]
	at org.bukkit.craftbukkit.libs.jline.internal.InputStreamReader.read(InputStreamReader.java:198) ~[spigot.jar:git-Spigot-9de398a-9c887d4]
	at org.bukkit.craftbukkit.libs.jline.console.ConsoleReader.readCharacter(ConsoleReader.java:2145) ~[spigot.jar:git-Spigot-9de398a-9c887d4]
	at org.bukkit.craftbukkit.libs.jline.console.ConsoleReader.readLineSimple(ConsoleReader.java:3183) ~[spigot.jar:git-Spigot-9de398a-9c887d4]
	at org.bukkit.craftbukkit.libs.jline.console.ConsoleReader.readLine(ConsoleReader.java:2333) ~[spigot.jar:git-Spigot-9de398a-9c887d4]
	at org.bukkit.craftbukkit.libs.jline.console.ConsoleReader.readLine(ConsoleReader.java:2269) ~[spigot.jar:git-Spigot-9de398a-9c887d4]
	at org.bukkit.craftbukkit.libs.jline.console.ConsoleReader.readLine(ConsoleReader.java:2257) ~[spigot.jar:git-Spigot-9de398a-9c887d4]
	at net.minecraft.server.v1_14_R1.DedicatedServer$2.run(DedicatedServer.java:97) [spigot.jar:git-Spigot-9de398a-9c887d4]
[03:43:06] [Server thread/INFO]: This server is running CraftBukkit version git-Spigot-9de398a-9c887d4 (MC: 1.14.4) (Implementing API version 1.14.4-R0.1-SNAPSHOT)
[03:43:06] [Server thread/INFO]: Debug logging is disabled
[03:43:06] [Server thread/INFO]: Server Ping Player Sample Count: 12
[03:43:06] [Server thread/INFO]: Using 4 threads for Netty based IO
[03:43:06] [Server thread/INFO]: Default game type: SURVIVAL
[03:43:06] [Server thread/INFO]: Generating keypair
[03:43:06] [Server thread/INFO]: Starting Minecraft server on *:25565
[03:43:06] [Server thread/INFO]: Using default channel type
[03:43:07] [Server thread/WARN]: **** FAILED TO BIND TO PORT!
[03:43:07] [Server thread/WARN]: The exception was: java.net.BindException: Address already in use: bind
[03:43:07] [Server thread/WARN]: Perhaps a server is already running on that port?
[03:43:07] [Server thread/INFO]: Stopping server
[03:43:07] [Server thread/INFO]: Saving players
[03:43:07] [Server thread/INFO]: Saving worlds
[03:43:13] [Server thread/INFO]: Starting minecraft server version 1.14.4
[03:43:13] [Server thread/INFO]: Loading properties
[03:43:13] [Server thread/INFO]: This server is running CraftBukkit version git-Spigot-9de398a-9c887d4 (MC: 1.14.4) (Implementing API version 1.14.4-R0.1-SNAPSHOT)
[03:43:13] [Server thread/INFO]: Debug logging is disabled
[03:43:13] [Server thread/INFO]: Using 4 threads for Netty based IO
[03:43:13] [Server thread/INFO]: Server Ping Player Sample Count: 12
[03:43:13] [Server thread/INFO]: Default game type: SURVIVAL
[03:43:13] [Server thread/INFO]: Generating keypair
[03:43:13] [Server thread/INFO]: Starting Minecraft server on *:25565
[03:43:13] [Server thread/INFO]: Using default channel type
[03:43:14] [Server thread/WARN]: **** FAILED TO BIND TO PORT!
[03:43:14] [Server thread/WARN]: The exception was: java.net.BindException: Address already in use: bind
[03:43:14] [Server thread/WARN]: Perhaps a server is already running on that port?
[03:43:14] [Server thread/INFO]: Stopping server
[03:43:14] [Server thread/INFO]: Saving players
[03:43:14] [Server thread/INFO]: Saving worlds
