[03:45:20] [Server thread/INFO]: Starting minecraft server version 1.14.4
[03:45:20] [Server thread/INFO]: Loading properties
[03:45:20] [Server thread/INFO]: This server is running CraftBukkit version git-Spigot-9de398a-9c887d4 (MC: 1.14.4) (Implementing API version 1.14.4-R0.1-SNAPSHOT)
[03:45:20] [Server thread/INFO]: Debug logging is disabled
[03:45:20] [Server thread/INFO]: Server Ping Player Sample Count: 12
[03:45:20] [Server thread/INFO]: Using 4 threads for Netty based IO
[03:45:20] [Server thread/INFO]: Default game type: SURVIVAL
[03:45:20] [Server thread/INFO]: Generating keypair
[03:45:21] [Server thread/INFO]: Starting Minecraft server on *:25565
[03:45:21] [Server thread/INFO]: Using default channel type
[03:45:21] [Server thread/INFO]: Preparing level "world"
[03:45:21] [Server thread/INFO]: Reloading ResourceManager: Default, bukkit
[03:45:22] [Server thread/INFO]: Loaded 6 recipes
[03:45:22] [Server thread/INFO]: -------- World Settings For [world] --------
[03:45:22] [Server thread/INFO]: View Distance: 10
[03:45:22] [Server thread/INFO]: Allow Zombie Pigmen to spawn from portal blocks: true
[03:45:22] [Server thread/INFO]: Arrow Despawn Rate: 1200
[03:45:22] [Server thread/INFO]: Item Merge Radius: 2.5
[03:45:22] [Server thread/INFO]: Item Despawn Rate: 6000
[03:45:22] [Server thread/INFO]: Nerfing mobs spawned from spawners: false
[03:45:22] [Server thread/INFO]: Experience Merge Radius: 3.0
[03:45:22] [Server thread/INFO]: Mob Spawn Range: 6
[03:45:22] [Server thread/INFO]: Cactus Growth Modifier: 100%
[03:45:22] [Server thread/INFO]: Cane Growth Modifier: 100%
[03:45:22] [Server thread/INFO]: Melon Growth Modifier: 100%
[03:45:22] [Server thread/INFO]: Mushroom Growth Modifier: 100%
[03:45:22] [Server thread/INFO]: Pumpkin Growth Modifier: 100%
[03:45:22] [Server thread/INFO]: Sapling Growth Modifier: 100%
[03:45:22] [Server thread/INFO]: Beetroot Growth Modifier: 100%
[03:45:22] [Server thread/INFO]: Carrot Growth Modifier: 100%
[03:45:22] [Server thread/INFO]: Potato Growth Modifier: 100%
[03:45:22] [Server thread/INFO]: Wheat Growth Modifier: 100%
[03:45:22] [Server thread/INFO]: NetherWart Growth Modifier: 100%
[03:45:22] [Server thread/INFO]: Vine Growth Modifier: 100%
[03:45:22] [Server thread/INFO]: Cocoa Growth Modifier: 100%
[03:45:22] [Server thread/INFO]: Bamboo Growth Modifier: 100%
[03:45:22] [Server thread/INFO]: SweetBerry Growth Modifier: 100%
[03:45:22] [Server thread/INFO]: Kelp Growth Modifier: 100%
[03:45:22] [Server thread/INFO]: Entity Activation Range: An 32 / Mo 32 / Ra 48 / Mi 16 / Tiv true
[03:45:22] [Server thread/INFO]: Tile Max Tick Time: 50ms Entity max Tick Time: 50ms
[03:45:22] [Server thread/INFO]: Entity Tracking Range: Pl 48 / An 48 / Mo 48 / Mi 32 / Other 64
[03:45:22] [Server thread/INFO]: Max TNT Explosions: 100
[03:45:22] [Server thread/INFO]: Hopper Transfer: 8 Hopper Check: 1 Hopper Amount: 1
[03:45:22] [Server thread/INFO]: Zombie Aggressive Towards Villager: true
[03:45:22] [Server thread/INFO]: Custom Map Seeds:  Village: 10387312 Desert: 14357617 Igloo: 14357618 Jungle: 14357619 Swamp: 14357620 Monument: 10387313Ocean: 14357621 Shipwreck: 165745295 Slime: 987234911
[03:45:22] [Server thread/INFO]: -------- World Settings For [world_nether] --------
[03:45:22] [Server thread/INFO]: View Distance: 10
[03:45:22] [Server thread/INFO]: Allow Zombie Pigmen to spawn from portal blocks: true
[03:45:22] [Server thread/INFO]: Arrow Despawn Rate: 1200
[03:45:22] [Server thread/INFO]: Item Merge Radius: 2.5
[03:45:22] [Server thread/INFO]: Item Despawn Rate: 6000
[03:45:22] [Server thread/INFO]: Nerfing mobs spawned from spawners: false
[03:45:22] [Server thread/INFO]: Experience Merge Radius: 3.0
[03:45:22] [Server thread/INFO]: Mob Spawn Range: 6
[03:45:22] [Server thread/INFO]: Cactus Growth Modifier: 100%
[03:45:22] [Server thread/INFO]: Cane Growth Modifier: 100%
[03:45:22] [Server thread/INFO]: Melon Growth Modifier: 100%
[03:45:22] [Server thread/INFO]: Mushroom Growth Modifier: 100%
[03:45:22] [Server thread/INFO]: Pumpkin Growth Modifier: 100%
[03:45:22] [Server thread/INFO]: Sapling Growth Modifier: 100%
[03:45:22] [Server thread/INFO]: Beetroot Growth Modifier: 100%
[03:45:22] [Server thread/INFO]: Carrot Growth Modifier: 100%
[03:45:22] [Server thread/INFO]: Potato Growth Modifier: 100%
[03:45:22] [Server thread/INFO]: Wheat Growth Modifier: 100%
[03:45:22] [Server thread/INFO]: NetherWart Growth Modifier: 100%
[03:45:22] [Server thread/INFO]: Vine Growth Modifier: 100%
[03:45:22] [Server thread/INFO]: Cocoa Growth Modifier: 100%
[03:45:22] [Server thread/INFO]: Bamboo Growth Modifier: 100%
[03:45:22] [Server thread/INFO]: SweetBerry Growth Modifier: 100%
[03:45:22] [Server thread/INFO]: Kelp Growth Modifier: 100%
[03:45:22] [Server thread/INFO]: Entity Activation Range: An 32 / Mo 32 / Ra 48 / Mi 16 / Tiv true
[03:45:22] [Server thread/INFO]: Tile Max Tick Time: 50ms Entity max Tick Time: 50ms
[03:45:22] [Server thread/INFO]: Entity Tracking Range: Pl 48 / An 48 / Mo 48 / Mi 32 / Other 64
[03:45:22] [Server thread/INFO]: Max TNT Explosions: 100
[03:45:22] [Server thread/INFO]: Hopper Transfer: 8 Hopper Check: 1 Hopper Amount: 1
[03:45:22] [Server thread/INFO]: Zombie Aggressive Towards Villager: true
[03:45:22] [Server thread/INFO]: Custom Map Seeds:  Village: 10387312 Desert: 14357617 Igloo: 14357618 Jungle: 14357619 Swamp: 14357620 Monument: 10387313Ocean: 14357621 Shipwreck: 165745295 Slime: 987234911
[03:45:22] [Server thread/INFO]: -------- World Settings For [world_the_end] --------
[03:45:22] [Server thread/INFO]: View Distance: 10
[03:45:22] [Server thread/INFO]: Allow Zombie Pigmen to spawn from portal blocks: true
[03:45:22] [Server thread/INFO]: Arrow Despawn Rate: 1200
[03:45:22] [Server thread/INFO]: Item Merge Radius: 2.5
[03:45:22] [Server thread/INFO]: Item Despawn Rate: 6000
[03:45:22] [Server thread/INFO]: Nerfing mobs spawned from spawners: false
[03:45:22] [Server thread/INFO]: Experience Merge Radius: 3.0
[03:45:22] [Server thread/INFO]: Mob Spawn Range: 6
[03:45:22] [Server thread/INFO]: Cactus Growth Modifier: 100%
[03:45:22] [Server thread/INFO]: Cane Growth Modifier: 100%
[03:45:22] [Server thread/INFO]: Melon Growth Modifier: 100%
[03:45:22] [Server thread/INFO]: Mushroom Growth Modifier: 100%
[03:45:22] [Server thread/INFO]: Pumpkin Growth Modifier: 100%
[03:45:22] [Server thread/INFO]: Sapling Growth Modifier: 100%
[03:45:22] [Server thread/INFO]: Beetroot Growth Modifier: 100%
[03:45:22] [Server thread/INFO]: Carrot Growth Modifier: 100%
[03:45:22] [Server thread/INFO]: Potato Growth Modifier: 100%
[03:45:22] [Server thread/INFO]: Wheat Growth Modifier: 100%
[03:45:22] [Server thread/INFO]: NetherWart Growth Modifier: 100%
[03:45:22] [Server thread/INFO]: Vine Growth Modifier: 100%
[03:45:22] [Server thread/INFO]: Cocoa Growth Modifier: 100%
[03:45:22] [Server thread/INFO]: Bamboo Growth Modifier: 100%
[03:45:22] [Server thread/INFO]: SweetBerry Growth Modifier: 100%
[03:45:22] [Server thread/INFO]: Kelp Growth Modifier: 100%
[03:45:22] [Server thread/INFO]: Entity Activation Range: An 32 / Mo 32 / Ra 48 / Mi 16 / Tiv true
[03:45:22] [Server thread/INFO]: Tile Max Tick Time: 50ms Entity max Tick Time: 50ms
[03:45:22] [Server thread/INFO]: Entity Tracking Range: Pl 48 / An 48 / Mo 48 / Mi 32 / Other 64
[03:45:22] [Server thread/INFO]: Max TNT Explosions: 100
[03:45:22] [Server thread/INFO]: Hopper Transfer: 8 Hopper Check: 1 Hopper Amount: 1
[03:45:22] [Server thread/INFO]: Zombie Aggressive Towards Villager: true
[03:45:22] [Server thread/INFO]: Custom Map Seeds:  Village: 10387312 Desert: 14357617 Igloo: 14357618 Jungle: 14357619 Swamp: 14357620 Monument: 10387313Ocean: 14357621 Shipwreck: 165745295 Slime: 987234911
[03:45:23] [Server thread/INFO]: Preparing start region for dimension 'world'/minecraft:overworld
[03:45:23] [Server thread/INFO]: Preparing spawn area: 0%
[03:45:23] [Server thread/INFO]: Preparing spawn area: 0%
[03:45:24] [Server thread/INFO]: Preparing spawn area: 0%
[03:45:25] [Server-Worker-6/INFO]: Preparing spawn area: 0%
[03:45:25] [Server-Worker-7/INFO]: Preparing spawn area: 0%
[03:45:25] [Server-Worker-6/INFO]: Preparing spawn area: 0%
[03:45:26] [Server thread/INFO]: Preparing spawn area: 0%
[03:45:27] [Server thread/INFO]: Preparing spawn area: 5%
[03:45:27] [Server thread/INFO]: Preparing spawn area: 5%
[03:45:27] [Server thread/INFO]: Time elapsed: 4313 ms
[03:45:27] [Server thread/INFO]: Preparing start region for dimension 'world_nether'/minecraft:the_nether
[03:45:27] [Server thread/INFO]: Preparing spawn area: 0%
[03:45:27] [Server thread/INFO]: Preparing spawn area: 0%
[03:45:28] [Server-Worker-4/INFO]: Preparing spawn area: 83%
[03:45:28] [Server-Worker-2/INFO]: Preparing spawn area: 86%
[03:45:29] [Server thread/INFO]: Time elapsed: 1916 ms
[03:45:29] [Server thread/INFO]: Preparing start region for dimension 'world_the_end'/minecraft:the_end
[03:45:29] [Server thread/INFO]: Preparing spawn area: 0%
[03:45:29] [Server-Worker-3/INFO]: Preparing spawn area: 83%
[03:45:29] [Server thread/INFO]: Time elapsed: 692 ms
[03:45:29] [Server thread/INFO]: Server permissions file permissions.yml is empty, ignoring it
[03:45:29] [Server thread/INFO]: Done (8.210s)! For help, type "help"
[03:45:44] [User Authenticator #1/INFO]: UUID of player Koda0318 is d559abe0-0354-4df0-bfbc-ea1efcde289a
[03:45:45] [Server thread/INFO]: Koda0318[/90.125.143.49:50875] logged in with entity id 178 at ([world]72.15899892191202, 99.0, 120.50559281888876)
[03:46:18] [User Authenticator #2/INFO]: UUID of player Extaz_24 is 30e0baab-b7ab-48ee-be1a-0aabce118a3f
[03:46:18] [Server thread/INFO]: Extaz_24[/109.215.141.243:53990] logged in with entity id 454 at ([world]-216.802529832009, 91.0, 187.34777720679526)
[03:46:54] [Server thread/INFO]: Teleported Extaz_24 to Koda0318
[03:46:55] [Server thread/WARN]: Extaz_24 moved too quickly! 285.81960562774896,8.0,-67.81642184946745
[03:50:09] [Server thread/INFO]: Teleported Extaz_24 to Koda0318
[03:50:33] [Server thread/WARN]: Extaz_24 moved too quickly! 7.045744475474038,0.0,-7.17713025050125
[04:04:05] [Server thread/INFO]: Koda0318 lost connection: Disconnected
[04:04:05] [Server thread/INFO]: Koda0318 left the game
[04:04:07] [Server thread/INFO]: Extaz_24 lost connection: Disconnected
[04:04:07] [Server thread/INFO]: Extaz_24 left the game
[04:04:13] [Server thread/INFO]: Unknown command. Type "/help" for help.[m
[04:04:16] [Server thread/INFO]: Stopping the server
[04:04:16] [Server thread/INFO]: Stopping server
[04:04:16] [Server thread/INFO]: Saving players
[04:04:16] [Server thread/INFO]: Saving worlds
[04:04:16] [Server thread/INFO]: Saving chunks for level 'world'/minecraft:overworld
[04:04:16] [Server thread/INFO]: ThreadedAnvilChunkStorage (world): All chunks are saved
[04:04:16] [Server thread/INFO]: Saving chunks for level 'world_nether'/minecraft:the_nether
[04:04:16] [Server thread/INFO]: ThreadedAnvilChunkStorage (DIM-1): All chunks are saved
[04:04:16] [Server thread/INFO]: Saving chunks for level 'world_the_end'/minecraft:the_end
[04:04:16] [Server thread/INFO]: ThreadedAnvilChunkStorage (DIM1): All chunks are saved
[04:04:16] [Server thread/INFO]: ThreadedAnvilChunkStorage (world): All chunks are saved
[04:04:16] [Server thread/INFO]: ThreadedAnvilChunkStorage (DIM-1): All chunks are saved
[04:04:16] [Server thread/INFO]: ThreadedAnvilChunkStorage (DIM1): All chunks are saved
